1615066825197	geckodriver	INFO	Listening on 127.0.0.1:40825
1615066825201	mozrunner::runner	INFO	Running command: "/usr/bin/firefox" "--marionette" "-foreground" "-no-remote" "-profile" "/tmp/rust_mozprofileCgaZEP"
console.warn: SearchSettings: "get: No settings file exists, new profile?" (new Error("", "(unknown module)"))
1615066834940	Marionette	INFO	Listening on port 39753
1615066835051	Marionette	WARN	TLS certificate errors will be ignored for this session
JavaScript warning: https://js.datadome.co/tags.js, line 2: unreachable code after return statement
JavaScript warning: https://js.datadome.co/tags.js, line 2: unreachable code after return statement
1615066857261	Marionette	INFO	Stopped listening on port 39753
JavaScript error: resource://activity-stream/lib/ASRouter.jsm, line 988: NS_ERROR_ILLEGAL_VALUE: Component returned failure code: 0x80070057 (NS_ERROR_ILLEGAL_VALUE) [nsIObserverService.removeObserver]

###!!! [Parent][RunMessage] Error: Channel closing: too late to send/recv, messages will be lost

1615066862767	geckodriver	INFO	Listening on 127.0.0.1:49515
1615066862771	mozrunner::runner	INFO	Running command: "/usr/bin/firefox" "--marionette" "-foreground" "-no-remote" "-profile" "/tmp/rust_mozprofileqMuh2u"
console.warn: SearchSettings: "get: No settings file exists, new profile?" (new Error("", "(unknown module)"))
1615066870258	Marionette	INFO	Listening on port 45601
1615066870325	Marionette	WARN	TLS certificate errors will be ignored for this session
JavaScript warning: https://js.datadome.co/tags.js, line 2: unreachable code after return statement
JavaScript warning: https://js.datadome.co/tags.js, line 2: unreachable code after return statement
1615066892611	Marionette	INFO	Stopped listening on port 45601
JavaScript error: resource://activity-stream/lib/ASRouter.jsm, line 988: NS_ERROR_ILLEGAL_VALUE: Component returned failure code: 0x80070057 (NS_ERROR_ILLEGAL_VALUE) [nsIObserverService.removeObserver]

###!!! [Parent][RunMessage] Error: Channel closing: too late to send/recv, messages will be lost

1615066897113	geckodriver	INFO	Listening on 127.0.0.1:51569
1615066897117	mozrunner::runner	INFO	Running command: "/usr/bin/firefox" "--marionette" "-foreground" "-no-remote" "-profile" "/tmp/rust_mozprofileOEQvMt"
console.warn: SearchSettings: "get: No settings file exists, new profile?" (new Error("", "(unknown module)"))
1615066906083	Marionette	INFO	Listening on port 34267
1615066906190	Marionette	WARN	TLS certificate errors will be ignored for this session
JavaScript warning: https://js.datadome.co/tags.js, line 2: unreachable code after return statement
JavaScript warning: https://js.datadome.co/tags.js, line 2: unreachable code after return statement
JavaScript warning: https://js.datadome.co/tags.js, line 2: unreachable code after return statement
JavaScript warning: https://js.datadome.co/tags.js, line 2: unreachable code after return statement
1615066938483	Marionette	INFO	Stopped listening on port 34267
JavaScript error: resource://activity-stream/lib/ASRouter.jsm, line 988: NS_ERROR_ILLEGAL_VALUE: Component returned failure code: 0x80070057 (NS_ERROR_ILLEGAL_VALUE) [nsIObserverService.removeObserver]

###!!! [Parent][RunMessage] Error: Channel closing: too late to send/recv, messages will be lost

1615066980836	geckodriver	INFO	Listening on 127.0.0.1:51683
1615066980839	mozrunner::runner	INFO	Running command: "/usr/bin/firefox" "--marionette" "-foreground" "-no-remote" "-profile" "/tmp/rust_mozprofilexXJQht"
console.warn: SearchSettings: "get: No settings file exists, new profile?" (new Error("", "(unknown module)"))
1615066988365	Marionette	INFO	Listening on port 38383
1615066988490	Marionette	WARN	TLS certificate errors will be ignored for this session
JavaScript warning: https://js.datadome.co/tags.js, line 2: unreachable code after return statement
JavaScript warning: https://js.datadome.co/tags.js, line 2: unreachable code after return statement
1615067050599	Marionette	INFO	Stopped listening on port 38383
JavaScript error: resource://activity-stream/lib/ASRouter.jsm, line 988: NS_ERROR_ILLEGAL_VALUE: Component returned failure code: 0x80070057 (NS_ERROR_ILLEGAL_VALUE) [nsIObserverService.removeObserver]
1615067061791	geckodriver	INFO	Listening on 127.0.0.1:47933
1615067061795	mozrunner::runner	INFO	Running command: "/usr/bin/firefox" "--marionette" "-foreground" "-no-remote" "-profile" "/tmp/rust_mozprofilewHBU9d"
console.warn: SearchSettings: "get: No settings file exists, new profile?" (new Error("", "(unknown module)"))
1615067068992	Marionette	INFO	Listening on port 34385
1615067069043	Marionette	WARN	TLS certificate errors will be ignored for this session
JavaScript warning: https://js.datadome.co/tags.js, line 2: unreachable code after return statement
JavaScript warning: https://js.datadome.co/tags.js, line 2: unreachable code after return statement
JavaScript warning: https://js.datadome.co/tags.js, line 2: unreachable code after return statement
JavaScript warning: https://js.datadome.co/tags.js, line 2: unreachable code after return statement
1615067215727	Marionette	INFO	Stopped listening on port 34385
JavaScript error: resource://activity-stream/lib/ASRouter.jsm, line 988: NS_ERROR_ILLEGAL_VALUE: Component returned failure code: 0x80070057 (NS_ERROR_ILLEGAL_VALUE) [nsIObserverService.removeObserver]
1615067216736	geckodriver	INFO	Listening on 127.0.0.1:33159
1615067216743	mozrunner::runner	INFO	Running command: "/usr/bin/firefox" "--marionette" "-foreground" "-no-remote" "-profile" "/tmp/rust_mozprofileuPPD18"
console.warn: SearchSettings: "get: No settings file exists, new profile?" (new Error("", "(unknown module)"))
1615067225346	Marionette	INFO	Listening on port 37863
1615067225395	Marionette	WARN	TLS certificate errors will be ignored for this session
JavaScript warning: https://js.datadome.co/tags.js, line 2: unreachable code after return statement
JavaScript warning: https://js.datadome.co/tags.js, line 2: unreachable code after return statement
JavaScript warning: https://js.datadome.co/tags.js, line 2: unreachable code after return statement
JavaScript warning: https://js.datadome.co/tags.js, line 2: unreachable code after return statement
1615067371634	Marionette	INFO	Stopped listening on port 37863
JavaScript error: resource://activity-stream/lib/ASRouter.jsm, line 988: NS_ERROR_ILLEGAL_VALUE: Component returned failure code: 0x80070057 (NS_ERROR_ILLEGAL_VALUE) [nsIObserverService.removeObserver]

###!!! [Parent][RunMessage] Error: Channel closing: too late to send/recv, messages will be lost

1615067372639	geckodriver	INFO	Listening on 127.0.0.1:56031
1615067372644	mozrunner::runner	INFO	Running command: "/usr/bin/firefox" "--marionette" "-foreground" "-no-remote" "-profile" "/tmp/rust_mozprofileebsm5Z"
console.warn: SearchSettings: "get: No settings file exists, new profile?" (new Error("", "(unknown module)"))
1615067381025	Marionette	INFO	Listening on port 35543
1615067381106	Marionette	WARN	TLS certificate errors will be ignored for this session
JavaScript warning: https://js.datadome.co/tags.js, line 2: unreachable code after return statement
JavaScript warning: https://js.datadome.co/tags.js, line 2: unreachable code after return statement
1615067543636	Marionette	INFO	Stopped listening on port 35543
JavaScript error: resource://activity-stream/lib/ASRouter.jsm, line 988: NS_ERROR_ILLEGAL_VALUE: Component returned failure code: 0x80070057 (NS_ERROR_ILLEGAL_VALUE) [nsIObserverService.removeObserver]
1615067913637	geckodriver	INFO	Listening on 127.0.0.1:44763
1615067913640	mozrunner::runner	INFO	Running command: "/usr/bin/firefox" "--marionette" "-foreground" "-no-remote" "-profile" "/tmp/rust_mozprofile697bCI"
console.warn: SearchSettings: "get: No settings file exists, new profile?" (new Error("", "(unknown module)"))
1615067920921	Marionette	INFO	Listening on port 37593
1615067920987	Marionette	WARN	TLS certificate errors will be ignored for this session
JavaScript warning: https://js.datadome.co/tags.js, line 2: unreachable code after return statement
JavaScript warning: https://js.datadome.co/tags.js, line 2: unreachable code after return statement
JavaScript warning: https://js.datadome.co/tags.js, line 2: unreachable code after return statement
JavaScript warning: https://js.datadome.co/tags.js, line 2: unreachable code after return statement
1615068068035	Marionette	INFO	Stopped listening on port 37593
JavaScript error: resource://activity-stream/lib/ASRouter.jsm, line 988: NS_ERROR_ILLEGAL_VALUE: Component returned failure code: 0x80070057 (NS_ERROR_ILLEGAL_VALUE) [nsIObserverService.removeObserver]
1615068069052	geckodriver	INFO	Listening on 127.0.0.1:44485
1615068069055	mozrunner::runner	INFO	Running command: "/usr/bin/firefox" "--marionette" "-foreground" "-no-remote" "-profile" "/tmp/rust_mozprofile7v3aOi"
console.warn: SearchSettings: "get: No settings file exists, new profile?" (new Error("", "(unknown module)"))
1615068076851	Marionette	INFO	Listening on port 34929
1615068076910	Marionette	WARN	TLS certificate errors will be ignored for this session
JavaScript warning: https://js.datadome.co/tags.js, line 2: unreachable code after return statement
JavaScript warning: https://js.datadome.co/tags.js, line 2: unreachable code after return statement
1615068239646	Marionette	INFO	Stopped listening on port 34929
JavaScript error: resource://activity-stream/lib/ASRouter.jsm, line 988: NS_ERROR_ILLEGAL_VALUE: Component returned failure code: 0x80070057 (NS_ERROR_ILLEGAL_VALUE) [nsIObserverService.removeObserver]
1615234358603	geckodriver	INFO	Listening on 127.0.0.1:43827
1615234358781	mozrunner::runner	INFO	Running command: "/usr/bin/firefox" "--marionette" "-foreground" "-no-remote" "-profile" "/tmp/rust_mozprofileNG19W2"
console.warn: SearchSettings: "get: No settings file exists, new profile?" (new Error("", "(unknown module)"))
1615234369998	Marionette	INFO	Listening on port 46419
1615234370275	Marionette	WARN	TLS certificate errors will be ignored for this session
JavaScript warning: https://js.datadome.co/tags.js, line 2: unreachable code after return statement
JavaScript warning: https://js.datadome.co/tags.js, line 2: unreachable code after return statement
JavaScript warning: https://js.datadome.co/tags.js, line 2: unreachable code after return statement
JavaScript warning: https://js.datadome.co/tags.js, line 2: unreachable code after return statement
JavaScript warning: https://js.datadome.co/tags.js, line 2: unreachable code after return statement
JavaScript warning: https://js.datadome.co/tags.js, line 2: unreachable code after return statement
JavaScript warning: https://js.datadome.co/tags.js, line 2: unreachable code after return statement
JavaScript warning: https://js.datadome.co/tags.js, line 2: unreachable code after return statement
[GFX1-]: Managed to allocate after flush.
[GFX1-]: Managed to allocate after flush.
1615234531635	Marionette	INFO	Stopped listening on port 46419
JavaScript error: resource://activity-stream/lib/ASRouter.jsm, line 988: NS_ERROR_ILLEGAL_VALUE: Component returned failure code: 0x80070057 (NS_ERROR_ILLEGAL_VALUE) [nsIObserverService.removeObserver]

###!!! [Parent][RunMessage] Error: Channel closing: too late to send/recv, messages will be lost

1615234660494	geckodriver	INFO	Listening on 127.0.0.1:55983
1615234660497	mozrunner::runner	INFO	Running command: "/usr/bin/firefox" "--marionette" "-foreground" "-no-remote" "-profile" "/tmp/rust_mozprofiletA5zVw"
1615234665468	geckodriver	INFO	Listening on 127.0.0.1:37719
1615234665471	mozrunner::runner	INFO	Running command: "/usr/bin/firefox" "--marionette" "-foreground" "-no-remote" "-profile" "/tmp/rust_mozprofileJPleub"
console.warn: SearchSettings: "get: No settings file exists, new profile?" (new Error("", "(unknown module)"))
1615234674250	Marionette	INFO	Listening on port 45105
1615234674328	Marionette	WARN	TLS certificate errors will be ignored for this session
JavaScript warning: https://js.datadome.co/tags.js, line 2: unreachable code after return statement
JavaScript warning: https://js.datadome.co/tags.js, line 2: unreachable code after return statement
JavaScript warning: https://js.datadome.co/tags.js, line 2: unreachable code after return statement
JavaScript warning: https://js.datadome.co/tags.js, line 2: unreachable code after return statement
JavaScript warning: https://js.datadome.co/tags.js, line 2: unreachable code after return statement
JavaScript warning: https://js.datadome.co/tags.js, line 2: unreachable code after return statement
JavaScript error: , line 0: AbortError: The fetching process for the media resource was aborted by the user agent at the user's request.
JavaScript error: , line 0: AbortError: The fetching process for the media resource was aborted by the user agent at the user's request.
JavaScript error: , line 0: AbortError: The fetching process for the media resource was aborted by the user agent at the user's request.
1615234820555	Marionette	INFO	Stopped listening on port 45105
1615234821464	geckodriver	INFO	Listening on 127.0.0.1:55417
1615234821468	mozrunner::runner	INFO	Running command: "/usr/bin/firefox" "--marionette" "-foreground" "-no-remote" "-profile" "/tmp/rust_mozprofileMEB7uN"
console.warn: SearchSettings: "get: No settings file exists, new profile?" (new Error("", "(unknown module)"))
1615234829235	Marionette	INFO	Listening on port 34003
1615234829309	Marionette	WARN	TLS certificate errors will be ignored for this session
JavaScript warning: https://js.datadome.co/tags.js, line 2: unreachable code after return statement
JavaScript warning: https://js.datadome.co/tags.js, line 2: unreachable code after return statement
1615234992125	Marionette	INFO	Stopped listening on port 34003
JavaScript error: resource://activity-stream/lib/ASRouter.jsm, line 988: NS_ERROR_ILLEGAL_VALUE: Component returned failure code: 0x80070057 (NS_ERROR_ILLEGAL_VALUE) [nsIObserverService.removeObserver]

###!!! [Parent][RunMessage] Error: Channel closing: too late to send/recv, messages will be lost

1615237577024	geckodriver	INFO	Listening on 127.0.0.1:57841
1615237577027	mozrunner::runner	INFO	Running command: "/usr/bin/firefox" "--marionette" "-foreground" "-no-remote" "-profile" "/tmp/rust_mozprofileN6uuc7"
console.warn: SearchSettings: "get: No settings file exists, new profile?" (new Error("", "(unknown module)"))
1615237584295	Marionette	INFO	Listening on port 38039
1615237584382	Marionette	WARN	TLS certificate errors will be ignored for this session
JavaScript warning: https://js.datadome.co/tags.js, line 2: unreachable code after return statement
JavaScript warning: https://js.datadome.co/tags.js, line 2: unreachable code after return statement
1615237629237	Marionette	WARN	Ignoring event 'DOMContentLoaded' because document has an invalid readyState of 'complete'.
1615237664241	Marionette	WARN	Ignoring event 'DOMContentLoaded' because document has an invalid readyState of 'complete'.
JavaScript warning: https://js.datadome.co/tags.js, line 2: unreachable code after return statement
JavaScript warning: https://js.datadome.co/tags.js, line 2: unreachable code after return statement
JavaScript warning: https://js.datadome.co/tags.js, line 2: unreachable code after return statement
JavaScript warning: https://js.datadome.co/tags.js, line 2: unreachable code after return statement
1615237746999	Marionette	INFO	Stopped listening on port 38039
JavaScript error: resource://activity-stream/lib/ASRouter.jsm, line 988: NS_ERROR_ILLEGAL_VALUE: Component returned failure code: 0x80070057 (NS_ERROR_ILLEGAL_VALUE) [nsIObserverService.removeObserver]
1615237757069	geckodriver	INFO	Listening on 127.0.0.1:40921
1615237757073	mozrunner::runner	INFO	Running command: "/usr/bin/firefox" "--marionette" "-foreground" "-no-remote" "-profile" "/tmp/rust_mozprofile5EvBwc"
console.warn: SearchSettings: "get: No settings file exists, new profile?" (new Error("", "(unknown module)"))
1615237772756	Marionette	INFO	Listening on port 46337
1615237772840	Marionette	WARN	TLS certificate errors will be ignored for this session
JavaScript warning: https://js.datadome.co/tags.js, line 2: unreachable code after return statement
JavaScript warning: https://js.datadome.co/tags.js, line 2: unreachable code after return statement
JavaScript error: , line 0: AbortError: The fetching process for the media resource was aborted by the user agent at the user's request.
JavaScript error: , line 0: AbortError: The fetching process for the media resource was aborted by the user agent at the user's request.
JavaScript error: , line 0: AbortError: The fetching process for the media resource was aborted by the user agent at the user's request.
JavaScript error: , line 0: AbortError: The fetching process for the media resource was aborted by the user agent at the user's request.
JavaScript error: , line 0: AbortError: The fetching process for the media resource was aborted by the user agent at the user's request.
JavaScript error: , line 0: AbortError: The fetching process for the media resource was aborted by the user agent at the user's request.
JavaScript warning: https://js.datadome.co/tags.js, line 2: unreachable code after return statement
JavaScript warning: https://js.datadome.co/tags.js, line 2: unreachable code after return statement
1615237921769	Marionette	INFO	Stopped listening on port 46337
JavaScript error: resource://activity-stream/lib/ASRouter.jsm, line 988: NS_ERROR_ILLEGAL_VALUE: Component returned failure code: 0x80070057 (NS_ERROR_ILLEGAL_VALUE) [nsIObserverService.removeObserver]

###!!! [Parent][RunMessage] Error: Channel closing: too late to send/recv, messages will be lost

1615237923188	geckodriver	INFO	Listening on 127.0.0.1:47097
1615237923198	mozrunner::runner	INFO	Running command: "/usr/bin/firefox" "--marionette" "-foreground" "-no-remote" "-profile" "/tmp/rust_mozprofileN50zvD"
console.warn: SearchSettings: "get: No settings file exists, new profile?" (new Error("", "(unknown module)"))
1615237937991	Marionette	INFO	Listening on port 45539
1615237938105	Marionette	WARN	TLS certificate errors will be ignored for this session
JavaScript warning: https://js.datadome.co/tags.js, line 2: unreachable code after return statement
JavaScript warning: https://js.datadome.co/tags.js, line 2: unreachable code after return statement
JavaScript error: , line 0: AbortError: The fetching process for the media resource was aborted by the user agent at the user's request.
JavaScript error: , line 0: AbortError: The fetching process for the media resource was aborted by the user agent at the user's request.
JavaScript error: , line 0: AbortError: The fetching process for the media resource was aborted by the user agent at the user's request.
JavaScript error: , line 0: AbortError: The fetching process for the media resource was aborted by the user agent at the user's request.
1615238095306	Marionette	INFO	Stopped listening on port 45539
JavaScript error: resource://activity-stream/lib/ASRouter.jsm, line 988: NS_ERROR_ILLEGAL_VALUE: Component returned failure code: 0x80070057 (NS_ERROR_ILLEGAL_VALUE) [nsIObserverService.removeObserver]

###!!! [Parent][RunMessage] Error: Channel closing: too late to send/recv, messages will be lost

1615238097577	geckodriver	INFO	Listening on 127.0.0.1:53747
1615238097589	mozrunner::runner	INFO	Running command: "/usr/bin/firefox" "--marionette" "-foreground" "-no-remote" "-profile" "/tmp/rust_mozprofile4nlC0V"
console.warn: SearchSettings: "get: No settings file exists, new profile?" (new Error("", "(unknown module)"))
1615238106845	Marionette	INFO	Listening on port 33755
1615238106964	Marionette	WARN	TLS certificate errors will be ignored for this session
JavaScript warning: https://js.datadome.co/tags.js, line 2: unreachable code after return statement
JavaScript warning: https://js.datadome.co/tags.js, line 2: unreachable code after return statement
JavaScript error: , line 0: AbortError: The fetching process for the media resource was aborted by the user agent at the user's request.
JavaScript error: , line 0: AbortError: The fetching process for the media resource was aborted by the user agent at the user's request.
JavaScript error: , line 0: AbortError: The fetching process for the media resource was aborted by the user agent at the user's request.
JavaScript error: , line 0: AbortError: The fetching process for the media resource was aborted by the user agent at the user's request.
JavaScript warning: https://js.datadome.co/tags.js, line 2: unreachable code after return statement
JavaScript warning: https://js.datadome.co/tags.js, line 2: unreachable code after return statement
JavaScript error: , line 0: AbortError: The fetching process for the media resource was aborted by the user agent at the user's request.
JavaScript error: , line 0: AbortError: The fetching process for the media resource was aborted by the user agent at the user's request.
JavaScript error: , line 0: AbortError: The fetching process for the media resource was aborted by the user agent at the user's request.
JavaScript error: , line 0: AbortError: The fetching process for the media resource was aborted by the user agent at the user's request.
1615238253887	Marionette	INFO	Stopped listening on port 33755
JavaScript error: resource://activity-stream/lib/ASRouter.jsm, line 988: NS_ERROR_ILLEGAL_VALUE: Component returned failure code: 0x80070057 (NS_ERROR_ILLEGAL_VALUE) [nsIObserverService.removeObserver]

###!!! [Parent][RunMessage] Error: Channel closing: too late to send/recv, messages will be lost

1615238255608	geckodriver	INFO	Listening on 127.0.0.1:53329
1615238255622	mozrunner::runner	INFO	Running command: "/usr/bin/firefox" "--marionette" "-foreground" "-no-remote" "-profile" "/tmp/rust_mozprofileBWGAQC"
console.warn: SearchSettings: "get: No settings file exists, new profile?" (new Error("", "(unknown module)"))
1615238265206	Marionette	INFO	Listening on port 38127
1615238265289	Marionette	WARN	TLS certificate errors will be ignored for this session
JavaScript warning: https://js.datadome.co/tags.js, line 2: unreachable code after return statement
JavaScript warning: https://js.datadome.co/tags.js, line 2: unreachable code after return statement
1615238427265	Marionette	INFO	Stopped listening on port 38127
JavaScript error: resource://activity-stream/lib/ASRouter.jsm, line 988: NS_ERROR_ILLEGAL_VALUE: Component returned failure code: 0x80070057 (NS_ERROR_ILLEGAL_VALUE) [nsIObserverService.removeObserver]
1615244903758	geckodriver	INFO	Listening on 127.0.0.1:35669
1615244903768	mozrunner::runner	INFO	Running command: "/usr/bin/firefox" "--marionette" "-foreground" "-no-remote" "-profile" "/tmp/rust_mozprofile7tMGgJ"
console.warn: SearchSettings: "get: No settings file exists, new profile?" (new Error("", "(unknown module)"))
1615244911292	Marionette	INFO	Listening on port 34415
1615244911421	Marionette	WARN	TLS certificate errors will be ignored for this session
JavaScript warning: https://js.datadome.co/tags.js, line 2: unreachable code after return statement
JavaScript warning: https://js.datadome.co/tags.js, line 2: unreachable code after return statement
JavaScript error: , line 0: AbortError: The fetching process for the media resource was aborted by the user agent at the user's request.
JavaScript error: , line 0: AbortError: The fetching process for the media resource was aborted by the user agent at the user's request.
JavaScript error: , line 0: AbortError: The fetching process for the media resource was aborted by the user agent at the user's request.
JavaScript warning: https://js.datadome.co/tags.js, line 2: unreachable code after return statement
JavaScript warning: https://js.datadome.co/tags.js, line 2: unreachable code after return statement
JavaScript error: , line 0: AbortError: The fetching process for the media resource was aborted by the user agent at the user's request.
JavaScript error: , line 0: AbortError: The fetching process for the media resource was aborted by the user agent at the user's request.
1615245217997	geckodriver	INFO	Listening on 127.0.0.1:42401
1615245218000	mozrunner::runner	INFO	Running command: "/usr/bin/firefox" "--marionette" "-foreground" "-no-remote" "-profile" "/tmp/rust_mozprofile01i3Te"
console.warn: SearchSettings: "get: No settings file exists, new profile?" (new Error("", "(unknown module)"))
JavaScript error: resource://activity-stream/lib/ASRouter.jsm, line 988: NS_ERROR_ILLEGAL_VALUE: Component returned failure code: 0x80070057 (NS_ERROR_ILLEGAL_VALUE) [nsIObserverService.removeObserver]
console.error: Region.jsm: "Error fetching region" (new AbortError("The operation was aborted. ", (void 0), 773))
console.error: Region.jsm: "Failed to fetch region" (new Error("NO_RESULT", "resource://gre/modules/Region.jsm", 422))
1615245229349	Marionette	INFO	Listening on port 39661
1615245229529	Marionette	WARN	TLS certificate errors will be ignored for this session
JavaScript warning: https://js.datadome.co/tags.js, line 2: unreachable code after return statement
JavaScript warning: https://js.datadome.co/tags.js, line 2: unreachable code after return statement
1615245232151	Marionette	INFO	Stopped listening on port 34415

###!!! [Parent][RunMessage] Error: Channel closing: too late to send/recv, messages will be lost

JavaScript warning: https://js.datadome.co/tags.js, line 2: unreachable code after return statement
JavaScript warning: https://js.datadome.co/tags.js, line 2: unreachable code after return statement
1615245392173	Marionette	INFO	Stopped listening on port 39661
JavaScript error: resource://activity-stream/lib/ASRouter.jsm, line 988: NS_ERROR_ILLEGAL_VALUE: Component returned failure code: 0x80070057 (NS_ERROR_ILLEGAL_VALUE) [nsIObserverService.removeObserver]
1615245684811	geckodriver	INFO	Listening on 127.0.0.1:49335
1615245684817	mozrunner::runner	INFO	Running command: "/usr/bin/firefox" "--marionette" "-foreground" "-no-remote" "-profile" "/tmp/rust_mozprofileYG7uME"
console.warn: SearchSettings: "get: No settings file exists, new profile?" (new Error("", "(unknown module)"))
1615245697541	Marionette	INFO	Listening on port 44013
1615245697580	Marionette	WARN	TLS certificate errors will be ignored for this session
JavaScript warning: https://js.datadome.co/tags.js, line 2: unreachable code after return statement
JavaScript warning: https://js.datadome.co/tags.js, line 2: unreachable code after return statement
JavaScript warning: https://js.datadome.co/tags.js, line 2: unreachable code after return statement
JavaScript warning: https://js.datadome.co/tags.js, line 2: unreachable code after return statement
JavaScript error: , line 0: AbortError: The fetching process for the media resource was aborted by the user agent at the user's request.
JavaScript error: , line 0: AbortError: The fetching process for the media resource was aborted by the user agent at the user's request.
JavaScript error: , line 0: AbortError: The fetching process for the media resource was aborted by the user agent at the user's request.
JavaScript error: , line 0: AbortError: The fetching process for the media resource was aborted by the user agent at the user's request.
JavaScript warning: https://js.datadome.co/tags.js, line 2: unreachable code after return statement
JavaScript warning: https://js.datadome.co/tags.js, line 2: unreachable code after return statement
JavaScript error: resource://gre/actors/PictureInPictureChild.jsm, line 569: TypeError: this.contentWindow is null
JavaScript error: resource://gre/actors/PictureInPictureChild.jsm, line 225: InvalidStateError: JSWindowActorChild.document getter: Cannot access property 'document' after actor 'PictureInPictureToggle' has been destroyed
JavaScript error: , line 0: AbortError: The fetching process for the media resource was aborted by the user agent at the user's request.
JavaScript error: , line 0: AbortError: The fetching process for the media resource was aborted by the user agent at the user's request.
JavaScript error: , line 0: AbortError: The fetching process for the media resource was aborted by the user agent at the user's request.
JavaScript error: , line 0: AbortError: The fetching process for the media resource was aborted by the user agent at the user's request.
JavaScript warning: https://js.datadome.co/tags.js, line 2: unreachable code after return statement
JavaScript warning: https://js.datadome.co/tags.js, line 2: unreachable code after return statement
JavaScript error: resource://gre/actors/PictureInPictureChild.jsm, line 569: TypeError: this.contentWindow is null
JavaScript error: resource://gre/actors/PictureInPictureChild.jsm, line 225: InvalidStateError: JSWindowActorChild.document getter: Cannot access property 'document' after actor 'PictureInPictureToggle' has been destroyed
JavaScript error: , line 0: AbortError: The fetching process for the media resource was aborted by the user agent at the user's request.
JavaScript error: , line 0: AbortError: The fetching process for the media resource was aborted by the user agent at the user's request.
JavaScript error: , line 0: AbortError: The fetching process for the media resource was aborted by the user agent at the user's request.
JavaScript error: , line 0: AbortError: The fetching process for the media resource was aborted by the user agent at the user's request.
JavaScript error: resource://gre/actors/PictureInPictureChild.jsm, line 569: TypeError: this.contentWindow is null
JavaScript error: resource://gre/actors/PictureInPictureChild.jsm, line 225: InvalidStateError: JSWindowActorChild.document getter: Cannot access property 'document' after actor 'PictureInPictureToggle' has been destroyed
JavaScript error: , line 0: AbortError: The fetching process for the media resource was aborted by the user agent at the user's request.
JavaScript error: , line 0: AbortError: The fetching process for the media resource was aborted by the user agent at the user's request.
JavaScript error: , line 0: AbortError: The fetching process for the media resource was aborted by the user agent at the user's request.
JavaScript error: , line 0: AbortError: The fetching process for the media resource was aborted by the user agent at the user's request.
JavaScript error: resource://gre/actors/PictureInPictureChild.jsm, line 569: TypeError: this.contentWindow is null
JavaScript error: resource://gre/actors/PictureInPictureChild.jsm, line 225: InvalidStateError: JSWindowActorChild.document getter: Cannot access property 'document' after actor 'PictureInPictureToggle' has been destroyed
JavaScript error: , line 0: AbortError: The fetching process for the media resource was aborted by the user agent at the user's request.
JavaScript error: , line 0: AbortError: The fetching process for the media resource was aborted by the user agent at the user's request.
JavaScript error: , line 0: AbortError: The fetching process for the media resource was aborted by the user agent at the user's request.
JavaScript error: , line 0: AbortError: The fetching process for the media resource was aborted by the user agent at the user's request.
JavaScript error: resource://gre/actors/PictureInPictureChild.jsm, line 569: TypeError: this.contentWindow is null
JavaScript error: resource://gre/actors/PictureInPictureChild.jsm, line 225: InvalidStateError: JSWindowActorChild.document getter: Cannot access property 'document' after actor 'PictureInPictureToggle' has been destroyed
1615245914050	Marionette	INFO	Stopped listening on port 44013
JavaScript error: resource://gre/actors/PictureInPictureChild.jsm, line 299: InvalidStateError: JSWindowActorChild.contentWindow getter: Cannot access property 'contentWindow' after actor 'PictureInPictureToggle' has been destroyed
JavaScript error: resource://gre/actors/PictureInPictureChild.jsm, line 299: InvalidStateError: JSWindowActorChild.contentWindow getter: Cannot access property 'contentWindow' after actor 'PictureInPictureToggle' has been destroyed
JavaScript error: resource://gre/actors/PictureInPictureChild.jsm, line 299: InvalidStateError: JSWindowActorChild.contentWindow getter: Cannot access property 'contentWindow' after actor 'PictureInPictureToggle' has been destroyed
JavaScript error: resource://gre/actors/PictureInPictureChild.jsm, line 299: InvalidStateError: JSWindowActorChild.contentWindow getter: Cannot access property 'contentWindow' after actor 'PictureInPictureToggle' has been destroyed
JavaScript error: resource://gre/actors/PictureInPictureChild.jsm, line 299: InvalidStateError: JSWindowActorChild.contentWindow getter: Cannot access property 'contentWindow' after actor 'PictureInPictureToggle' has been destroyed
JavaScript error: resource://gre/actors/PictureInPictureChild.jsm, line 299: InvalidStateError: JSWindowActorChild.contentWindow getter: Cannot access property 'contentWindow' after actor 'PictureInPictureToggle' has been destroyed
JavaScript error: resource://gre/actors/PictureInPictureChild.jsm, line 299: InvalidStateError: JSWindowActorChild.contentWindow getter: Cannot access property 'contentWindow' after actor 'PictureInPictureToggle' has been destroyed
JavaScript error: resource://gre/actors/PictureInPictureChild.jsm, line 299: InvalidStateError: JSWindowActorChild.contentWindow getter: Cannot access property 'contentWindow' after actor 'PictureInPictureToggle' has been destroyed
JavaScript error: resource://gre/actors/PictureInPictureChild.jsm, line 299: InvalidStateError: JSWindowActorChild.contentWindow getter: Cannot access property 'contentWindow' after actor 'PictureInPictureToggle' has been destroyed
JavaScript error: resource://gre/actors/PictureInPictureChild.jsm, line 299: InvalidStateError: JSWindowActorChild.contentWindow getter: Cannot access property 'contentWindow' after actor 'PictureInPictureToggle' has been destroyed
JavaScript error: resource://gre/actors/PictureInPictureChild.jsm, line 299: InvalidStateError: JSWindowActorChild.contentWindow getter: Cannot access property 'contentWindow' after actor 'PictureInPictureToggle' has been destroyed
JavaScript error: resource://gre/actors/PictureInPictureChild.jsm, line 299: InvalidStateError: JSWindowActorChild.contentWindow getter: Cannot access property 'contentWindow' after actor 'PictureInPictureToggle' has been destroyed
JavaScript error: resource://gre/actors/PictureInPictureChild.jsm, line 299: InvalidStateError: JSWindowActorChild.contentWindow getter: Cannot access property 'contentWindow' after actor 'PictureInPictureToggle' has been destroyed
JavaScript error: resource://gre/actors/PictureInPictureChild.jsm, line 299: InvalidStateError: JSWindowActorChild.contentWindow getter: Cannot access property 'contentWindow' after actor 'PictureInPictureToggle' has been destroyed
JavaScript error: resource://gre/actors/PictureInPictureChild.jsm, line 299: InvalidStateError: JSWindowActorChild.contentWindow getter: Cannot access property 'contentWindow' after actor 'PictureInPictureToggle' has been destroyed
JavaScript error: resource://activity-stream/lib/ASRouter.jsm, line 988: NS_ERROR_ILLEGAL_VALUE: Component returned failure code: 0x80070057 (NS_ERROR_ILLEGAL_VALUE) [nsIObserverService.removeObserver]

###!!! [Parent][RunMessage] Error: Channel closing: too late to send/recv, messages will be lost

1615320986044	geckodriver	INFO	Listening on 127.0.0.1:51159
1615320986074	mozrunner::runner	INFO	Running command: "/usr/bin/firefox" "--marionette" "-foreground" "-no-remote" "-profile" "/tmp/rust_mozprofilexa1rRM"
console.warn: SearchSettings: "get: No settings file exists, new profile?" (new Error("", "(unknown module)"))
1615320994344	Marionette	INFO	Listening on port 39677
1615320994430	Marionette	WARN	TLS certificate errors will be ignored for this session
JavaScript error: , line 0: AbortError: The fetching process for the media resource was aborted by the user agent at the user's request.
JavaScript error: , line 0: AbortError: The fetching process for the media resource was aborted by the user agent at the user's request.
JavaScript error: , line 0: AbortError: The fetching process for the media resource was aborted by the user agent at the user's request.
JavaScript warning: https://js.datadome.co/tags.js, line 2: unreachable code after return statement
JavaScript warning: https://js.datadome.co/tags.js, line 2: unreachable code after return statement
JavaScript error: , line 0: AbortError: The fetching process for the media resource was aborted by the user agent at the user's request.
JavaScript error: , line 0: AbortError: The fetching process for the media resource was aborted by the user agent at the user's request.
JavaScript error: , line 0: AbortError: The fetching process for the media resource was aborted by the user agent at the user's request.
console.log: WebExtensions: reset-default-search: No addons in our list are installed.
JavaScript error: , line 0: AbortError: The fetching process for the media resource was aborted by the user agent at the user's request.
JavaScript error: , line 0: AbortError: The fetching process for the media resource was aborted by the user agent at the user's request.
JavaScript error: , line 0: AbortError: The fetching process for the media resource was aborted by the user agent at the user's request.
JavaScript error: , line 0: AbortError: The fetching process for the media resource was aborted by the user agent at the user's request.
JavaScript error: , line 0: AbortError: The fetching process for the media resource was aborted by the user agent at the user's request.
JavaScript error: , line 0: AbortError: The fetching process for the media resource was aborted by the user agent at the user's request.
console.error: "Error while calling actor 'layout's method 'getGrids'" "node is null"
console.error: "getGrids@resource://devtools/server/actors/layout.js:502:26\ngetGrids@resource://devtools/server/actors/layout.js:507:43\nhandler@resource://devtools/shared/protocol/Actor.js:172:37\nonPacket@resource://devtools/server/devtools-server-connection.js:379:58\nreceiveMessage@resource://devtools/shared/transport/child-transport.js:68:16\n"
console.error: "Error while calling actor 'layout's method 'getGrids'" "node is null"
console.error: "getGrids@resource://devtools/server/actors/layout.js:502:26\ngetGrids@resource://devtools/server/actors/layout.js:507:43\nhandler@resource://devtools/shared/protocol/Actor.js:172:37\nonPacket@resource://devtools/server/devtools-server-connection.js:379:58\nreceiveMessage@resource://devtools/shared/transport/child-transport.js:68:16\n"
JavaScript warning: https://js.datadome.co/tags.js, line 2: unreachable code after return statement
JavaScript warning: https://js.datadome.co/tags.js, line 2: unreachable code after return statement
JavaScript error: resource://gre/actors/PictureInPictureChild.jsm, line 569: TypeError: this.contentWindow is null
JavaScript error: resource://gre/actors/PictureInPictureChild.jsm, line 225: InvalidStateError: JSWindowActorChild.document getter: Cannot access property 'document' after actor 'PictureInPictureToggle' has been destroyed
JavaScript error: , line 0: AbortError: The fetching process for the media resource was aborted by the user agent at the user's request.
JavaScript error: , line 0: AbortError: The fetching process for the media resource was aborted by the user agent at the user's request.
JavaScript error: , line 0: AbortError: The fetching process for the media resource was aborted by the user agent at the user's request.
JavaScript error: resource://gre/actors/PictureInPictureChild.jsm, line 299: InvalidStateError: JSWindowActorChild.contentWindow getter: Cannot access property 'contentWindow' after actor 'PictureInPictureToggle' has been destroyed
JavaScript error: , line 0: AbortError: The fetching process for the media resource was aborted by the user agent at the user's request.
JavaScript warning: https://js.datadome.co/tags.js, line 2: unreachable code after return statement
JavaScript warning: https://js.datadome.co/tags.js, line 2: unreachable code after return statement
console.error: "Error while calling actor 'layout's method 'getGrids'" "node is null"
console.error: "getGrids@resource://devtools/server/actors/layout.js:502:26\ngetGrids@resource://devtools/server/actors/layout.js:507:43\nhandler@resource://devtools/shared/protocol/Actor.js:172:37\nonPacket@resource://devtools/server/devtools-server-connection.js:379:58\nreceiveMessage@resource://devtools/shared/transport/child-transport.js:68:16\n"
console.error: "Error while calling actor 'layout's method 'getGrids'" "node is null"
console.error: "getGrids@resource://devtools/server/actors/layout.js:502:26\ngetGrids@resource://devtools/server/actors/layout.js:507:43\ngetGrids@resource://devtools/server/actors/layout.js:507:43\nhandler@resource://devtools/shared/protocol/Actor.js:172:37\nonPacket@resource://devtools/server/devtools-server-connection.js:379:58\nreceiveMessage@resource://devtools/shared/transport/child-transport.js:68:16\n"
console.error: "Error while calling actor 'layout's method 'getGrids'" "node is null"
console.error: "getGrids@resource://devtools/server/actors/layout.js:502:26\ngetGrids@resource://devtools/server/actors/layout.js:507:43\nhandler@resource://devtools/shared/protocol/Actor.js:172:37\nonPacket@resource://devtools/server/devtools-server-connection.js:379:58\nreceiveMessage@resource://devtools/shared/transport/child-transport.js:68:16\n"
1615333174035	Marionette	INFO	Stopped listening on port 39677
JavaScript error: resource://gre/actors/PictureInPictureChild.jsm, line 299: InvalidStateError: JSWindowActorChild.contentWindow getter: Cannot access property 'contentWindow' after actor 'PictureInPictureToggle' has been destroyed
JavaScript error: resource://gre/actors/PictureInPictureChild.jsm, line 299: InvalidStateError: JSWindowActorChild.contentWindow getter: Cannot access property 'contentWindow' after actor 'PictureInPictureToggle' has been destroyed
JavaScript error: resource://gre/actors/PictureInPictureChild.jsm, line 299: InvalidStateError: JSWindowActorChild.contentWindow getter: Cannot access property 'contentWindow' after actor 'PictureInPictureToggle' has been destroyed
JavaScript error: resource://gre/actors/PictureInPictureChild.jsm, line 299: InvalidStateError: JSWindowActorChild.contentWindow getter: Cannot access property 'contentWindow' after actor 'PictureInPictureToggle' has been destroyed
JavaScript error: resource://gre/actors/PictureInPictureChild.jsm, line 299: InvalidStateError: JSWindowActorChild.contentWindow getter: Cannot access property 'contentWindow' after actor 'PictureInPictureToggle' has been destroyed
JavaScript error: resource://activity-stream/lib/ASRouter.jsm, line 988: NS_ERROR_ILLEGAL_VALUE: Component returned failure code: 0x80070057 (NS_ERROR_ILLEGAL_VALUE) [nsIObserverService.removeObserver]
1615747062676	geckodriver	INFO	Listening on 127.0.0.1:41881
1615747063958	mozrunner::runner	INFO	Running command: "/usr/bin/firefox" "--marionette" "-foreground" "-no-remote" "-profile" "/tmp/rust_mozprofilefpSGQj"
console.warn: SearchSettings: "get: No settings file exists, new profile?" (new Error("", "(unknown module)"))
1615747087757	Marionette	INFO	Listening on port 36987
1615747088318	Marionette	WARN	TLS certificate errors will be ignored for this session
JavaScript warning: https://js.datadome.co/tags.js, line 2: unreachable code after return statement
JavaScript warning: https://js.datadome.co/tags.js, line 2: unreachable code after return statement
JavaScript warning: https://js.datadome.co/tags.js, line 2: unreachable code after return statement
JavaScript warning: https://js.datadome.co/tags.js, line 2: unreachable code after return statement
1615747256579	Marionette	INFO	Stopped listening on port 36987
1615747263039	geckodriver	INFO	Listening on 127.0.0.1:59173
1615747263043	mozrunner::runner	INFO	Running command: "/usr/bin/firefox" "--marionette" "-foreground" "-no-remote" "-profile" "/tmp/rust_mozprofiler7iOf4"
console.warn: SearchSettings: "get: No settings file exists, new profile?" (new Error("", "(unknown module)"))
1615747270693	Marionette	INFO	Listening on port 42755
1615747270793	Marionette	WARN	TLS certificate errors will be ignored for this session
JavaScript warning: https://js.datadome.co/tags.js, line 2: unreachable code after return statement
JavaScript warning: https://js.datadome.co/tags.js, line 2: unreachable code after return statement
JavaScript warning: https://js.datadome.co/tags.js, line 2: unreachable code after return statement
JavaScript warning: https://js.datadome.co/tags.js, line 2: unreachable code after return statement
JavaScript warning: https://js.datadome.co/tags.js, line 2: unreachable code after return statement
JavaScript warning: https://js.datadome.co/tags.js, line 2: unreachable code after return statement
JavaScript warning: https://js.datadome.co/tags.js, line 2: unreachable code after return statement
JavaScript warning: https://js.datadome.co/tags.js, line 2: unreachable code after return statement
1615747434088	Marionette	INFO	Stopped listening on port 42755
JavaScript error: resource://activity-stream/lib/ASRouter.jsm, line 988: NS_ERROR_ILLEGAL_VALUE: Component returned failure code: 0x80070057 (NS_ERROR_ILLEGAL_VALUE) [nsIObserverService.removeObserver]
1615748046351	geckodriver	INFO	Listening on 127.0.0.1:40905
1615748046354	mozrunner::runner	INFO	Running command: "/usr/bin/firefox" "--marionette" "-foreground" "-no-remote" "-profile" "/tmp/rust_mozprofileWBiKPP"
console.warn: SearchSettings: "get: No settings file exists, new profile?" (new Error("", "(unknown module)"))
1615748055059	Marionette	INFO	Listening on port 35283
1615748055114	Marionette	WARN	TLS certificate errors will be ignored for this session
JavaScript warning: https://js.datadome.co/tags.js, line 2: unreachable code after return statement
JavaScript warning: https://js.datadome.co/tags.js, line 2: unreachable code after return statement
JavaScript warning: https://js.datadome.co/tags.js, line 2: unreachable code after return statement
JavaScript warning: https://js.datadome.co/tags.js, line 2: unreachable code after return statement
1615748219489	Marionette	INFO	Stopped listening on port 35283
JavaScript error: resource://activity-stream/lib/ASRouter.jsm, line 988: NS_ERROR_ILLEGAL_VALUE: Component returned failure code: 0x80070057 (NS_ERROR_ILLEGAL_VALUE) [nsIObserverService.removeObserver]

###!!! [Parent][RunMessage] Error: Channel closing: too late to send/recv, messages will be lost

1615749176192	geckodriver	INFO	Listening on 127.0.0.1:53509
1615749176196	mozrunner::runner	INFO	Running command: "/usr/bin/firefox" "--marionette" "-foreground" "-no-remote" "-profile" "/tmp/rust_mozprofileqQpLUU"
console.warn: SearchSettings: "get: No settings file exists, new profile?" (new Error("", "(unknown module)"))
1615749185359	Marionette	INFO	Listening on port 40961
1615749185479	Marionette	WARN	TLS certificate errors will be ignored for this session
JavaScript warning: https://js.datadome.co/tags.js, line 2: unreachable code after return statement
JavaScript warning: https://js.datadome.co/tags.js, line 2: unreachable code after return statement
JavaScript warning: https://js.datadome.co/tags.js, line 2: unreachable code after return statement
JavaScript warning: https://js.datadome.co/tags.js, line 2: unreachable code after return statement
JavaScript warning: https://js.datadome.co/tags.js, line 2: unreachable code after return statement
JavaScript warning: https://js.datadome.co/tags.js, line 2: unreachable code after return statement
JavaScript warning: https://js.datadome.co/tags.js, line 2: unreachable code after return statement
JavaScript warning: https://js.datadome.co/tags.js, line 2: unreachable code after return statement
1615749350770	Marionette	INFO	Stopped listening on port 40961
1615751015278	geckodriver	INFO	Listening on 127.0.0.1:39081
1615751015289	mozrunner::runner	INFO	Running command: "/usr/bin/firefox" "--marionette" "-foreground" "-no-remote" "-profile" "/tmp/rust_mozprofilevDFfyB"
console.warn: SearchSettings: "get: No settings file exists, new profile?" (new Error("", "(unknown module)"))
1615751023754	Marionette	INFO	Listening on port 36937
1615751023843	Marionette	WARN	TLS certificate errors will be ignored for this session
JavaScript warning: https://js.datadome.co/tags.js, line 2: unreachable code after return statement
JavaScript warning: https://js.datadome.co/tags.js, line 2: unreachable code after return statement
JavaScript warning: https://js.datadome.co/tags.js, line 2: unreachable code after return statement
JavaScript warning: https://js.datadome.co/tags.js, line 2: unreachable code after return statement
JavaScript warning: https://js.datadome.co/tags.js, line 2: unreachable code after return statement
JavaScript warning: https://js.datadome.co/tags.js, line 2: unreachable code after return statement
JavaScript warning: https://js.datadome.co/tags.js, line 2: unreachable code after return statement
JavaScript warning: https://js.datadome.co/tags.js, line 2: unreachable code after return statement
1615751198345	Marionette	INFO	Stopped listening on port 36937
JavaScript error: resource://activity-stream/lib/ASRouter.jsm, line 988: NS_ERROR_ILLEGAL_VALUE: Component returned failure code: 0x80070057 (NS_ERROR_ILLEGAL_VALUE) [nsIObserverService.removeObserver]

###!!! [Parent][RunMessage] Error: Channel closing: too late to send/recv, messages will be lost

1615751200920	geckodriver	INFO	Listening on 127.0.0.1:37137
1615751200947	mozrunner::runner	INFO	Running command: "/usr/bin/firefox" "--marionette" "-foreground" "-no-remote" "-profile" "/tmp/rust_mozprofilezvuaSO"
console.warn: SearchSettings: "get: No settings file exists, new profile?" (new Error("", "(unknown module)"))
1615751210606	Marionette	INFO	Listening on port 42761
1615751210716	Marionette	WARN	TLS certificate errors will be ignored for this session
JavaScript warning: https://js.datadome.co/tags.js, line 2: unreachable code after return statement
JavaScript warning: https://js.datadome.co/tags.js, line 2: unreachable code after return statement
1615751252893	Marionette	WARN	Ignoring event 'DOMContentLoaded' because document has an invalid readyState of 'complete'.
1615751286478	Marionette	WARN	Ignoring event 'pageshow' because document has an invalid readyState of 'uninitialized'.
JavaScript warning: https://js.datadome.co/tags.js, line 2: unreachable code after return statement
JavaScript warning: https://js.datadome.co/tags.js, line 2: unreachable code after return statement
1615751355513	Marionette	INFO	Stopped listening on port 42761
JavaScript error: resource://activity-stream/lib/ASRouter.jsm, line 988: NS_ERROR_ILLEGAL_VALUE: Component returned failure code: 0x80070057 (NS_ERROR_ILLEGAL_VALUE) [nsIObserverService.removeObserver]
1615751356788	geckodriver	INFO	Listening on 127.0.0.1:45657
1615751356795	mozrunner::runner	INFO	Running command: "/usr/bin/firefox" "--marionette" "-foreground" "-no-remote" "-profile" "/tmp/rust_mozprofileFcAWBG"
console.warn: SearchSettings: "get: No settings file exists, new profile?" (new Error("", "(unknown module)"))
1615751366234	Marionette	INFO	Listening on port 32937
1615751366352	Marionette	WARN	TLS certificate errors will be ignored for this session
JavaScript warning: https://js.datadome.co/tags.js, line 2: unreachable code after return statement
JavaScript warning: https://js.datadome.co/tags.js, line 2: unreachable code after return statement
[GFX1-]: Receive IPC close with reason=AbnormalShutdown
Exiting due to channel error.
Exiting due to channel error.
Exiting due to channel error.
1615751503148	geckodriver	INFO	Listening on 127.0.0.1:34567
1615751503168	mozrunner::runner	INFO	Running command: "/usr/bin/firefox" "--marionette" "-foreground" "-no-remote" "-profile" "/tmp/rust_mozprofile4wnPEx"
1615754450276	geckodriver	INFO	Listening on 127.0.0.1:37087
1615754450279	mozrunner::runner	INFO	Running command: "/usr/bin/firefox" "--marionette" "-foreground" "-no-remote" "-profile" "/tmp/rust_mozprofileINDDrV"
console.warn: SearchSettings: "get: No settings file exists, new profile?" (new Error("", "(unknown module)"))
1615754457845	Marionette	INFO	Listening on port 46517
1615754457932	Marionette	WARN	TLS certificate errors will be ignored for this session
JavaScript warning: https://js.datadome.co/tags.js, line 2: unreachable code after return statement
JavaScript warning: https://js.datadome.co/tags.js, line 2: unreachable code after return statement
JavaScript warning: https://js.datadome.co/tags.js, line 2: unreachable code after return statement
JavaScript warning: https://js.datadome.co/tags.js, line 2: unreachable code after return statement
JavaScript warning: https://js.datadome.co/tags.js, line 2: unreachable code after return statement
JavaScript warning: https://js.datadome.co/tags.js, line 2: unreachable code after return statement
JavaScript warning: https://js.datadome.co/tags.js, line 2: unreachable code after return statement
JavaScript warning: https://js.datadome.co/tags.js, line 2: unreachable code after return statement
1615754763895	Marionette	INFO	Stopped listening on port 46517
JavaScript error: resource://activity-stream/lib/ASRouter.jsm, line 988: NS_ERROR_ILLEGAL_VALUE: Component returned failure code: 0x80070057 (NS_ERROR_ILLEGAL_VALUE) [nsIObserverService.removeObserver]

###!!! [Parent][RunMessage] Error: Channel closing: too late to send/recv, messages will be lost

1615758268794	geckodriver	INFO	Listening on 127.0.0.1:33745
1615758268813	mozrunner::runner	INFO	Running command: "/usr/bin/firefox" "--marionette" "-foreground" "-no-remote" "-profile" "/tmp/rust_mozprofilevIzjY2"
console.warn: SearchSettings: "get: No settings file exists, new profile?" (new Error("", "(unknown module)"))
1615758277440	Marionette	INFO	Listening on port 36309
1615758277499	Marionette	WARN	TLS certificate errors will be ignored for this session
JavaScript warning: https://js.datadome.co/tags.js, line 2: unreachable code after return statement
JavaScript warning: https://js.datadome.co/tags.js, line 2: unreachable code after return statement
JavaScript warning: https://js.datadome.co/tags.js, line 2: unreachable code after return statement
JavaScript warning: https://js.datadome.co/tags.js, line 2: unreachable code after return statement
JavaScript warning: https://js.datadome.co/tags.js, line 2: unreachable code after return statement
JavaScript warning: https://js.datadome.co/tags.js, line 2: unreachable code after return statement
JavaScript warning: https://js.datadome.co/tags.js, line 2: unreachable code after return statement
JavaScript warning: https://js.datadome.co/tags.js, line 2: unreachable code after return statement
1615758587916	Marionette	INFO	Stopped listening on port 36309
JavaScript error: resource://activity-stream/lib/ASRouter.jsm, line 988: NS_ERROR_ILLEGAL_VALUE: Component returned failure code: 0x80070057 (NS_ERROR_ILLEGAL_VALUE) [nsIObserverService.removeObserver]
1615758626566	geckodriver	INFO	Listening on 127.0.0.1:37017
1615758626570	mozrunner::runner	INFO	Running command: "/usr/bin/firefox" "--marionette" "-foreground" "-no-remote" "-profile" "/tmp/rust_mozprofilevUPKRM"
console.warn: SearchSettings: "get: No settings file exists, new profile?" (new Error("", "(unknown module)"))
1615758635571	Marionette	INFO	Listening on port 43099
1615758635676	Marionette	WARN	TLS certificate errors will be ignored for this session
JavaScript warning: https://js.datadome.co/tags.js, line 2: unreachable code after return statement
JavaScript warning: https://js.datadome.co/tags.js, line 2: unreachable code after return statement
JavaScript warning: https://js.datadome.co/tags.js, line 2: unreachable code after return statement
JavaScript warning: https://js.datadome.co/tags.js, line 2: unreachable code after return statement
JavaScript warning: https://js.datadome.co/tags.js, line 2: unreachable code after return statement
JavaScript warning: https://js.datadome.co/tags.js, line 2: unreachable code after return statement
JavaScript warning: https://js.datadome.co/tags.js, line 2: unreachable code after return statement
JavaScript warning: https://js.datadome.co/tags.js, line 2: unreachable code after return statement
Marionette threw an error: TypeError: browsingContextFn().currentWindowGlobal is null
getMarionetteCommandsActorProxy/get/<@chrome://marionette/content/actors/MarionetteCommandsParent.jsm:332:29

JavaScript error: resource://activity-stream/lib/ASRouter.jsm, line 988: NS_ERROR_ILLEGAL_VALUE: Component returned failure code: 0x80070057 (NS_ERROR_ILLEGAL_VALUE) [nsIObserverService.removeObserver]
1615758843563	Marionette	INFO	Stopped listening on port 43099

###!!! [Parent][RunMessage] Error: Channel closing: too late to send/recv, messages will be lost

1615761297804	geckodriver	INFO	Listening on 127.0.0.1:57265
1615761297808	mozrunner::runner	INFO	Running command: "/usr/bin/firefox" "--marionette" "-foreground" "-no-remote" "-profile" "/tmp/rust_mozprofiledFFWWg"
console.warn: SearchSettings: "get: No settings file exists, new profile?" (new Error("", "(unknown module)"))
1615761305401	Marionette	INFO	Listening on port 40013
1615761305460	Marionette	WARN	TLS certificate errors will be ignored for this session
JavaScript warning: https://js.datadome.co/tags.js, line 2: unreachable code after return statement
JavaScript warning: https://js.datadome.co/tags.js, line 2: unreachable code after return statement
JavaScript warning: https://js.datadome.co/tags.js, line 2: unreachable code after return statement
JavaScript warning: https://js.datadome.co/tags.js, line 2: unreachable code after return statement
JavaScript warning: https://js.datadome.co/tags.js, line 2: unreachable code after return statement
JavaScript warning: https://js.datadome.co/tags.js, line 2: unreachable code after return statement
JavaScript warning: https://js.datadome.co/tags.js, line 2: unreachable code after return statement
JavaScript warning: https://js.datadome.co/tags.js, line 2: unreachable code after return statement
console.log: WebExtensions: reset-default-search: No addons in our list are installed.
JavaScript error: resource://gre/modules/Prompter.jsm, line 1077: AbortError: Actor 'Prompt' destroyed before query 'Prompt:Open' was resolved
1615762171495	Marionette	WARN	Ignoring event 'DOMContentLoaded' because document has an invalid readyState of 'complete'.
1615762174376	Marionette	WARN	Ignoring event 'DOMContentLoaded' because document has an invalid readyState of 'complete'.
JavaScript warning: https://js.datadome.co/tags.js, line 2: unreachable code after return statement
JavaScript warning: https://js.datadome.co/tags.js, line 2: unreachable code after return statement
JavaScript warning: https://js.datadome.co/tags.js, line 2: unreachable code after return statement
JavaScript warning: https://js.datadome.co/tags.js, line 2: unreachable code after return statement
JavaScript warning: https://js.datadome.co/tags.js, line 2: unreachable code after return statement
JavaScript warning: https://js.datadome.co/tags.js, line 2: unreachable code after return statement
JavaScript warning: https://js.datadome.co/tags.js, line 2: unreachable code after return statement
JavaScript warning: https://js.datadome.co/tags.js, line 2: unreachable code after return statement
1615762508439	Marionette	INFO	Stopped listening on port 40013
JavaScript error: resource://activity-stream/lib/ASRouter.jsm, line 988: NS_ERROR_ILLEGAL_VALUE: Component returned failure code: 0x80070057 (NS_ERROR_ILLEGAL_VALUE) [nsIObserverService.removeObserver]
